<?xml version="1.0" encoding="utf-8"?><testsuites name="pytest tests"><testsuite name="pytest" errors="0" failures="0" skipped="0" tests="564" time="4.094" timestamp="2026-08-30T12:14:52.033499+00:00" hostname="hds-z1ej1xcr0mw6"><testcase classname="tests.contract.test_domain_contracts" name="test_schema_version_v1" time="0.001" /><testcase classname="tests.contract.test_domain_contracts" name="test_naive_datetime_rejected" time="0.001" /><testcase classname="tests.contract.test_domain_contracts" name="test_event_envelope_identity" time="0.000" /><testcase classname="tests.contract.test_domain_contracts" name="test_trade_intent_requires_idempotency_key" time="0.000" /><testcase classname="tests.contract.test_domain_contracts" name="test_order_request_requires_risk_verdict_id" time="0.000" /><testcase classname="tests.contract.test_domain_contracts" name="test_risk_verdict_allow_is_explicit" time="0.000" /><testcase classname="tests.contract.test_domain_contracts" name="test_pm3_namespaces_are_distinct" time="0.000" /><testcase classname="tests.contract.test_domain_contracts" name="test_forecast_output_shape" time="0.000" /><testcase classname="tests.contract.test_observability_contracts" name="test_health_and_readiness_are_not_one_boolean" time="0.000" /><testcase classname="tests.contract.test_observability_contracts" name="test_metric_specs_are_frozen_v1" time="0.000" /><testcase classname="tests.contract.test_observability_contracts" name="test_error_codes_match_catalog" time="0.000" /><testcase classname="tests.contract.test_observability_contracts" name="test_structured_log_extra_fields_forbidden" time="0.000" /><testcase classname="tests.contract.test_pm2_contracts" name="test_context_rejects_naive_datetime" time="0.000" /><testcase classname="tests.contract.test_pm2_contracts" name="test_scorecard_bounds" time="0.000" /><testcase classname="tests.contract.test_pm2_contracts" name="test_publication_bundle_has_identity_and_no_order_fields" time="0.000" /><testcase classname="tests.contract.test_pm2_contracts" name="test_ranked_candidate_requires_scorecard_and_state" time="0.000" /><testcase classname="tests.contract.test_pm2_contracts" name="test_quality_tier_helper_is_the_band_contract" time="0.000" /><testcase classname="tests.contract.test_pm3_forecast_contracts" name="test_quantile_set_rejects_inversion" time="0.000" /><testcase classname="tests.contract.test_pm3_forecast_contracts" name="test_quantile_set_allows_equal_values" time="0.000" /><testcase classname="tests.contract.test_pm3_forecast_contracts" name="test_quantile_set_accepts_strictly_ordered" time="0.000" /><testcase classname="tests.contract.test_pm3_forecast_contracts" name="test_forecast_output_utc_and_producer" time="0.000" /><testcase classname="tests.contract.test_pm3_forecast_contracts" name="test_forecast_output_rejects_naive_occurred_at" time="0.000" /><testcase classname="tests.contract.test_pm3_se_contracts" name="test_trade_intent_rejects_lot_size" time="0.000" /><testcase classname="tests.contract.test_pm3_se_contracts" name="test_trade_intent_new_fields_default" time="0.000" /><testcase classname="tests.contract.test_pm3_se_contracts" name="test_naive_created_at_rejected" time="0.000" /><testcase classname="tests.contract.test_pm4_risk_contracts" name="test_required_enums_exist" time="0.000" /><testcase classname="tests.contract.test_pm4_risk_contracts" name="test_risk_verdict_allow_is_explicit" time="0.000" /><testcase classname="tests.contract.test_pm4_risk_contracts" name="test_bundle_cards_are_typed" time="0.001" /><testcase classname="tests.contract.test_pm4_risk_contracts" name="test_bundle_forbids_execution_permitted" time="0.001" /><testcase classname="tests.contract.test_pm4_risk_contracts" name="test_budget_card_hierarchy_fields" time="0.000" /><testcase classname="tests.contract.test_pm5_execution_contracts" name="test_required_enums_exist" time="0.000" /><testcase classname="tests.contract.test_pm5_execution_contracts" name="test_order_request_still_requires_idempotency" time="0.000" /><testcase classname="tests.contract.test_pm5_execution_contracts" name="test_publication_defaults_are_safe" time="0.000" /><testcase classname="tests.contract.test_pm5_execution_contracts" name="test_normalized_command_caps_quantity" time="0.000" /><testcase classname="tests.contract.test_pm6_post_trade_contracts" name="test_required_enums" time="0.000" /><testcase classname="tests.contract.test_pm6_post_trade_contracts" name="test_control_request_cannot_be_broker_command" time="0.000" /><testcase classname="tests.contract.test_pm6_post_trade_contracts" name="test_withdrawal_complete_requires_confirm" time="0.000" /><testcase classname="tests.contract.test_pm6_post_trade_contracts" name="test_operational_truth_forbids_live_send" time="0.002" /><testcase classname="tests.contract.test_pm7_persistence_contracts" name="test_sim_cannot_be_broker" time="0.000" /><testcase classname="tests.contract.test_pm7_persistence_contracts" name="test_recon_without_venue_cannot_pass" time="0.001" /><testcase classname="tests.contract.test_pm7_persistence_contracts" name="test_publication_refuses_production_durable" time="0.000" /><testcase classname="tests.contract.test_pm7_persistence_contracts" name="test_memory_cannot_claim_durable" time="0.000" /><testcase classname="tests.contract.test_pm8_operator_contracts" name="test_command_requires_idempotency_and_utc" time="0.000" /><testcase classname="tests.contract.test_pm8_operator_contracts" name="test_receipt_cannot_claim_order" time="0.000" /><testcase classname="tests.contract.test_pm8_operator_contracts" name="test_refused_verbs_are_never_allowed" time="0.000" /><testcase classname="tests.contract.test_pm8_operator_contracts" name="test_tuning_cannot_auto_promote" time="0.000" /><testcase classname="tests.contract.test_pm8_operator_contracts" name="test_secret_payload_rejected" time="0.000" /><testcase classname="tests.unit.test_cli" name="test_doctor_cli_ok" time="0.023" /><testcase classname="tests.unit.test_cli" name="test_doctor_cli_json" time="0.019" /><testcase classname="tests.unit.test_cli" name="test_profile_flag_overrides_yaml" time="0.019" /><testcase classname="tests.unit.test_cli" name="test_profile_flag_before_mode" time="0.019" /><testcase classname="tests.unit.test_cli" name="test_live_cli_safe_error" time="0.015" /><testcase classname="tests.unit.test_cli" name="test_live_profile_cli_safe_error" time="0.051" /><testcase classname="tests.unit.test_cli" name="test_paper_cli_ok" time="0.033" /><testcase classname="tests.unit.test_feature_flags" name="test_catalog_has_required_stubs" time="0.000" /><testcase classname="tests.unit.test_feature_flags" name="test_flags_default_false" time="0.013" /><testcase classname="tests.unit.test_feature_flags" name="test_dangerous_flag_yaml_true_fails" time="0.014" /><testcase classname="tests.unit.test_feature_flags" name="test_dangerous_flag_env_opt_in_demo" time="0.014" /><testcase classname="tests.unit.test_feature_flags" name="test_live_trading_flag_always_refused" time="0.013" /><testcase classname="tests.unit.test_feature_flags" name="test_dangerous_flag_writes_journal_audit" time="0.019" /><testcase classname="tests.unit.test_health_runtime" name="test_startup_health_passes_for_kernel" time="0.014" /><testcase classname="tests.unit.test_health_runtime" name="test_readiness_degrades_when_risk_not_ready" time="0.019" /><testcase classname="tests.unit.test_health_runtime" name="test_clock_override" time="0.014" /><testcase classname="tests.unit.test_health_runtime" name="test_execution_stub_refuses_orders" time="0.000" /><testcase classname="tests.unit.test_health_runtime" name="test_doctor_snapshot_keys" time="0.019" /><testcase classname="tests.unit.test_health_runtime" name="test_live_bootstrap_never_builds_runtime" time="0.013" /><testcase classname="tests.unit.test_lifecycle" name="test_happy_path_to_running" time="0.000" /><testcase classname="tests.unit.test_lifecycle" name="test_illegal_transition" time="0.000" /><testcase classname="tests.unit.test_lifecycle" name="test_degraded_and_stop" time="0.000" /><testcase classname="tests.unit.test_numbering_map" name="test_numbering_map_file_exists_and_states_rules" time="0.000" /><testcase classname="tests.unit.test_numbering_map" name="test_numbering_map_covers_seq_00_to_14" time="0.000" /><testcase classname="tests.unit.test_numbering_map" name="test_canonical_sequence_11_is_not_pm6" time="0.000" /><testcase classname="tests.unit.test_package_import" name="test_version_is_sequence_one" time="0.000" /><testcase classname="tests.unit.test_package_import" name="test_live_trading_disabled_by_default" time="0.000" /><testcase classname="tests.unit.test_package_import" name="test_default_mode_is_demo" time="0.000" /><testcase classname="tests.unit.test_pm2_config" name="test_empty_universe_rejected" time="0.000" /><testcase classname="tests.unit.test_pm2_config" name="test_duplicate_symbols_rejected" time="0.001" /><testcase classname="tests.unit.test_pm2_config" name="test_unknown_timeframe_rejected" time="0.000" /><testcase classname="tests.unit.test_pm2_config" name="test_symbols_normalized_upper" time="0.000" /><testcase classname="tests.unit.test_pm2_engines" name="test_overlap_session_is_high_quality" time="0.000" /><testcase classname="tests.unit.test_pm2_engines" name="test_rollover_and_weekend_are_independent_of_bias" time="0.000" /><testcase classname="tests.unit.test_pm2_engines" name="test_regime_is_not_bullish_bearish" time="0.000" /><testcase classname="tests.unit.test_pm2_engines" name="test_regime_persistence_holds_low_confidence_flips" time="0.000" /><testcase classname="tests.unit.test_pm2_engines" name="test_hmm_gmm_are_disabled_stubs" time="0.000" /><testcase classname="tests.unit.test_pm2_engines" name="test_quality_bands" time="0.000" /><testcase classname="tests.unit.test_pm2_engines" name="test_veto_caps_qualification" time="0.000" /><testcase classname="tests.unit.test_pm2_engines" name="test_state_machine_neutral_forming_qualified" time="0.000" /><testcase classname="tests.unit.test_pm2_engines" name="test_state_machine_veto_suppresses" time="0.000" /><testcase classname="tests.unit.test_pm2_engines" name="test_state_machine_stale_from_any" time="0.000" /><testcase classname="tests.unit.test_pm2_engines" name="test_bias_splits_long_and_short" time="0.001" /><testcase classname="tests.unit.test_pm2_engines" name="test_structure_uses_confirmed_pivots_only" time="0.001" /><testcase classname="tests.unit.test_pm2_engines" name="test_volatility_dead_is_reachable" time="0.000" /><testcase classname="tests.unit.test_pm2_engines" name="test_no_lookahead_on_synthetic_bars" time="0.001" /><testcase classname="tests.unit.test_pm2_governance" name="test_yaml_flag_stays_false" time="0.054" /><testcase classname="tests.unit.test_pm2_governance" name="test_default_container_uses_null_market_data" time="0.014" /><testcase classname="tests.unit.test_pm2_governance" name="test_env_opt_in_test_profile_wires_pm2" time="0.025" /><testcase classname="tests.unit.test_pm2_governance" name="test_env_opt_in_research_profile_allowed" time="0.013" /><testcase classname="tests.unit.test_pm2_governance" name="test_flag_rejected_in_demo" time="0.014" /><testcase classname="tests.unit.test_pm2_governance" name="test_no_execution_leakage_when_pm2_scans" time="0.028" /><testcase classname="tests.unit.test_pm2_governance" name="test_utc_identity_on_ranked_candidates" time="0.022" /><testcase classname="tests.unit.test_pm2_governance" name="test_fail_closed_stale_bars_empty_shortlist" time="0.001" /><testcase classname="tests.unit.test_pm2_governance" name="test_pm2_does_not_implement_latest_signal" time="0.014" /><testcase classname="tests.unit.test_pm2_pipeline" name="test_scan_covers_universe_and_publishes_bundle" time="0.009" /><testcase classname="tests.unit.test_pm2_pipeline" name="test_latest_bar_is_confirmed" time="0.001" /><testcase classname="tests.unit.test_pm2_pipeline" name="test_ranking_is_stable_and_tie_breaks_on_symbol" time="0.000" /><testcase classname="tests.unit.test_pm2_pipeline" name="test_ltr_hook_is_disabled" time="0.000" /><testcase classname="tests.unit.test_pm2_pipeline" name="test_shared_currency_penalty_and_conflict" time="0.001" /><testcase classname="tests.unit.test_pm2_pipeline" name="test_vetoed_candidate_is_suppressed" time="0.000" /><testcase classname="tests.unit.test_pm2_pipeline" name="test_shadow_mode_never_hands_off" time="0.009" /><testcase classname="tests.unit.test_pm2_pipeline" name="test_determinism_same_inputs_same_outputs" time="0.019" /><testcase classname="tests.unit.test_pm2_pipeline" name="test_attribution_records_dominant_family" time="0.000" /><testcase classname="tests.unit.test_pm2_pipeline" name="test_ghost_tracking_lists_non_promoted" time="0.009" /><testcase classname="tests.unit.test_pm2_pipeline" name="test_synthetic_bars_do_not_repaint" time="0.001" /><testcase classname="tests.unit.test_pm3_fx_envelope" name="test_ordered_quantiles_and_five_decimal_places" time="0.001" /><testcase classname="tests.unit.test_pm3_fx_envelope" name="test_min_samples_returns_none" time="0.001" /><testcase classname="tests.unit.test_pm3_fx_envelope" name="test_empty_bars_return_none" time="0.000" /><testcase classname="tests.unit.test_pm3_fx_envelope" name="test_blank_symbol_returns_none" time="0.001" /><testcase classname="tests.unit.test_pm3_fx_envelope" name="test_model_trained_at_is_as_of" time="0.001" /><testcase classname="tests.unit.test_pm3_fx_flag" name="test_flag_off_null_model_returns_none" time="0.014" /><testcase classname="tests.unit.test_pm3_fx_flag" name="test_yaml_keeps_forecasting_false" time="0.015" /><testcase classname="tests.unit.test_pm3_fx_flag" name="test_flag_on_via_env_wires_module" time="0.015" /><testcase classname="tests.unit.test_pm3_fx_flag" name="test_flag_on_via_override" time="0.015" /><testcase classname="tests.unit.test_pm3_fx_flag" name="test_module_flag_off_returns_none" time="0.001" /><testcase classname="tests.unit.test_pm3_fx_idempotency" name="test_duplicate_key_same_forecast_id" time="0.001" /><testcase classname="tests.unit.test_pm3_fx_idempotency" name="test_distinct_keys_distinct_forecast_ids" time="0.002" /><testcase classname="tests.unit.test_pm3_fx_integration" name="test_container_wires_module_when_flag_on" time="0.014" /><testcase classname="tests.unit.test_pm3_fx_integration" name="test_health_is_non_critical" time="0.014" /><testcase classname="tests.unit.test_pm3_fx_integration" name="test_bootstrap_with_flag_still_not_trade_ready" time="0.020" /><testcase classname="tests.unit.test_pm3_fx_no_lookahead" name="test_walk_forward_end_strictly_before_as_of" time="0.001" /><testcase classname="tests.unit.test_pm3_fx_no_lookahead" name="test_embargo_excludes_last_confirmed_bar_as_window_end" time="0.001" /><testcase classname="tests.unit.test_pm3_fx_no_lookahead" name="test_future_bar_fail_closed_none" time="0.001" /><testcase classname="tests.unit.test_pm3_fx_no_lookahead" name="test_forming_bar_fail_closed_none" time="0.001" /><testcase classname="tests.unit.test_pm3_fx_no_lookahead" name="test_confirmed_bars_rejects_lookahead" time="0.000" /><testcase classname="tests.unit.test_pm3_fx_safety" name="test_forecast_does_not_mutate_intent_or_volume" time="0.001" /><testcase classname="tests.unit.test_pm3_fx_safety" name="test_forecast_is_not_an_order" time="0.001" /><testcase classname="tests.unit.test_pm3_fx_safety" name="test_no_forbidden_imports" time="0.002" /><testcase classname="tests.unit.test_pm3_fx_side_invariance" name="test_buy_and_sell_identical_quantiles" time="0.002" /><testcase classname="tests.unit.test_pm3_fx_side_invariance" name="test_direction_is_not_a_vote" time="0.001" /><testcase classname="tests.unit.test_pm3_se_bindings" name="test_three_active_branches_per_symbol" time="0.001" /><testcase classname="tests.unit.test_pm3_se_bindings" name="test_duplicate_and_max_three_rejected" time="0.001" /><testcase classname="tests.unit.test_pm3_se_bindings" name="test_disabled_profile_cannot_bind" time="0.000" /><testcase classname="tests.unit.test_pm3_se_bindings" name="test_replace_after_deactivate" time="0.001" /><testcase classname="tests.unit.test_pm3_se_calibration" name="test_out_of_range_is_clipped" time="0.000" /><testcase classname="tests.unit.test_pm3_se_calibration" name="test_fallback_is_marked" time="0.000" /><testcase classname="tests.unit.test_pm3_se_consensus" name="test_base_weight_formula" time="0.000" /><testcase classname="tests.unit.test_pm3_se_consensus" name="test_go_long_and_go_short" time="0.000" /><testcase classname="tests.unit.test_pm3_se_consensus" name="test_wait_when_insufficient" time="0.000" /><testcase classname="tests.unit.test_pm3_se_consensus" name="test_no_trade_on_conflict" time="0.000" /><testcase classname="tests.unit.test_pm3_se_consensus" name="test_deterministic" time="0.000" /><testcase classname="tests.unit.test_pm3_se_consensus" name="test_degraded_abstain_dropped" time="0.000" /><testcase classname="tests.unit.test_pm3_se_consensus" name="test_calibration_changes_probability" time="0.000" /><testcase classname="tests.unit.test_pm3_se_consensus" name="test_long_short_separated" time="0.000" /><testcase classname="tests.unit.test_pm3_se_feedback" name="test_synthetic_feedback_does_not_claim_health" time="0.001" /><testcase classname="tests.unit.test_pm3_se_feedback" name="test_invalid_feedback_degrades" time="0.000" /><testcase classname="tests.unit.test_pm3_se_integration" name="test_flag_default_off_keeps_placeholder" time="0.014" /><testcase classname="tests.unit.test_pm3_se_integration" name="test_flag_on_in_test_wires_engine" time="0.014" /><testcase classname="tests.unit.test_pm3_se_integration" name="test_flag_rejected_in_demo" time="0.014" /><testcase classname="tests.unit.test_pm3_se_integration" name="test_no_pm5_or_telegram_imports" time="0.002" /><testcase classname="tests.unit.test_pm3_se_integration" name="test_pm2_adapter_uses_public_contracts_only" time="0.000" /><testcase classname="tests.unit.test_pm3_se_integration" name="test_bootstrap_with_flag_still_not_trade_ready" time="0.019" /><testcase classname="tests.unit.test_pm3_se_profiles" name="test_clone_active_to_draft_and_immutability" time="0.001" /><testcase classname="tests.unit.test_pm3_se_profiles" name="test_parameter_validation_range" time="0.000" /><testcase classname="tests.unit.test_pm3_se_profiles" name="test_promote_activate_rollback_events" time="0.001" /><testcase classname="tests.unit.test_pm3_se_profiles" name="test_deterministic_rollback_binding" time="0.001" /><testcase classname="tests.unit.test_pm3_se_profiles" name="test_no_implicit_activation_from_draft" time="0.000" /><testcase classname="tests.unit.test_pm3_se_safety" name="test_no_lookahead_future_context" time="0.000" /><testcase classname="tests.unit.test_pm3_se_safety" name="test_trade_intent_has_no_lot_size" time="0.001" /><testcase classname="tests.unit.test_pm3_se_safety" name="test_intent_is_not_order_and_no_risk_verdict" time="0.001" /><testcase classname="tests.unit.test_pm3_se_safety" name="test_confirmed_as_of_only" time="0.001" /><testcase classname="tests.unit.test_pm3_se_safety" name="test_bayesian_disabled_identity" time="0.000" /><testcase classname="tests.unit.test_pm3_se_safety" name="test_deterministic_repeat" time="0.001" /><testcase classname="tests.unit.test_pm3_se_symbol_pipe" name="test_handoff_true_can_emit_intent" time="0.001" /><testcase classname="tests.unit.test_pm3_se_symbol_pipe" name="test_handoff_false_is_no_trade" time="0.000" /><testcase classname="tests.unit.test_pm3_se_symbol_pipe" name="test_stale_and_bad_quality" time="0.000" /><testcase classname="tests.unit.test_pm3_se_symbol_pipe" name="test_duplicate_idempotency" time="0.001" /><testcase classname="tests.unit.test_pm3_se_symbol_pipe" name="test_flag_off_and_system_flag" time="0.001" /><testcase classname="tests.unit.test_pm3_se_symbol_pipe" name="test_lookahead_rejected" time="0.000" /><testcase classname="tests.unit.test_pm3_se_templates" name="test_trend_pullback_votes_in_trending" time="0.000" /><testcase classname="tests.unit.test_pm3_se_templates" name="test_orb_votes_in_session_breakout_context" time="0.000" /><testcase classname="tests.unit.test_pm3_se_templates" name="test_mean_reversion_abstains_in_trend" time="0.000" /><testcase classname="tests.unit.test_pm3_se_templates" name="test_mean_reversion_votes_in_range" time="0.000" /><testcase classname="tests.unit.test_pm3_se_templates" name="test_second_phase_disabled_by_default" time="0.000" /><testcase classname="tests.unit.test_pm3_se_templates" name="test_incompatible_regime_abstains" time="0.000" /><testcase classname="tests.unit.test_pm3_se_templates" name="test_stale_and_malformed_no_vote" time="0.000" /><testcase classname="tests.unit.test_pm4_engines" name="test_happy_path_allow_with_size" time="0.001" /><testcase classname="tests.unit.test_pm4_engines" name="test_hierarchical_budget_not_flat" time="0.001" /><testcase classname="tests.unit.test_pm4_engines" name="test_uncertainty_discounts_wide_interval" time="0.001" /><testcase classname="tests.unit.test_pm4_engines" name="test_heat_is_not_raw_sum_only" time="0.001" /><testcase classname="tests.unit.test_pm4_engines" name="test_concentration_fx_overlap" time="0.001" /><testcase classname="tests.unit.test_pm4_engines" name="test_one_per_cluster_blocks" time="0.001" /><testcase classname="tests.unit.test_pm4_engines" name="test_drawdown_escalation_ladder" time="0.001" /><testcase classname="tests.unit.test_pm4_engines" name="test_pretrade_fat_finger_max_lots" time="0.001" /><testcase classname="tests.unit.test_pm4_engines" name="test_route_eligibility_recorded_closed" time="0.001" /><testcase classname="tests.unit.test_pm4_intake" name="test_symbol_mismatch_denied" time="0.001" /><testcase classname="tests.unit.test_pm4_intake" name="test_handoff_ineligible_denied" time="0.001" /><testcase classname="tests.unit.test_pm4_intake" name="test_suppressed_qualification_denied" time="0.001" /><testcase classname="tests.unit.test_pm4_intake" name="test_flat_intent_denied" time="0.001" /><testcase classname="tests.unit.test_pm4_intake" name="test_missing_stop_denied" time="0.001" /><testcase classname="tests.unit.test_pm4_intake" name="test_forecast_intent_id_mismatch_denied" time="0.001" /><testcase classname="tests.unit.test_pm4_intake" name="test_duplicate_idempotency_returns_same_verdict" time="0.001" /><testcase classname="tests.unit.test_pm4_integration" name="test_flag_on_in_test_binds_pm4_module" time="0.014" /><testcase classname="tests.unit.test_pm4_integration" name="test_flag_on_in_demo_rejected" time="0.014" /><testcase classname="tests.unit.test_pm4_integration" name="test_yaml_does_not_enable_pm4" time="0.013" /><testcase classname="tests.unit.test_pm4_integration" name="test_integration_with_pm3_forecast_envelope" time="0.002" /><testcase classname="tests.unit.test_pm4_integration" name="test_allow_handoff_pending_pm5_and_execution_still_disabled" time="0.014" /><testcase classname="tests.unit.test_pm4_integration" name="test_pm4_health_startup_passes" time="0.000" /><testcase classname="tests.unit.test_pm4_integration" name="test_metadata_and_manifest" time="0.000" /><testcase classname="tests.unit.test_pm4_kill_governance" name="test_kill_switch_blocks_new_risk" time="0.001" /><testcase classname="tests.unit.test_pm4_kill_governance" name="test_kill_switch_no_auto_rearm" time="0.001" /><testcase classname="tests.unit.test_pm4_kill_governance" name="test_recovery_requires_reason_and_cooldown" time="0.001" /><testcase classname="tests.unit.test_pm4_kill_governance" name="test_close_only_blocks_new_risk" time="0.001" /><testcase classname="tests.unit.test_pm4_kill_governance" name="test_no_new_risk_mode" time="0.001" /><testcase classname="tests.unit.test_pm4_kill_governance" name="test_symbol_scope_kill" time="0.001" /><testcase classname="tests.unit.test_pm4_kill_governance" name="test_governance_inventory_and_audit_trail" time="0.001" /><testcase classname="tests.unit.test_pm4_kill_governance" name="test_in_memory_state_is_not_durable" time="0.000" /><testcase classname="tests.unit.test_pm4_safety" name="test_deny_by_default_without_upstream_artifacts" time="0.001" /><testcase classname="tests.unit.test_pm4_safety" name="test_flag_off_denies" time="0.001" /><testcase classname="tests.unit.test_pm4_safety" name="test_null_risk_gate_still_denies_when_flag_off" time="0.014" /><testcase classname="tests.unit.test_pm4_safety" name="test_allow_still_does_not_create_order_or_call_pm5" time="0.010" /><testcase classname="tests.unit.test_pm4_safety" name="test_publication_rejects_execution_permitted_true" time="0.001" /><testcase classname="tests.unit.test_pm4_safety" name="test_no_future_information" time="0.001" /><testcase classname="tests.unit.test_pm4_safety" name="test_stale_artifact_rejected" time="0.001" /><testcase classname="tests.unit.test_pm4_safety" name="test_missing_forecast_validity_diagnostics_denied" time="0.001" /><testcase classname="tests.unit.test_pm4_safety" name="test_pm3_cannot_bypass_via_evaluate_protocol" time="0.001" /><testcase classname="tests.unit.test_pm4_safety" name="test_risk_publication_bundle_is_not_an_order" time="0.001" /><testcase classname="tests.unit.test_pm5_control" name="test_symbol_and_global_freeze" time="0.001" /><testcase classname="tests.unit.test_pm5_control" name="test_strategy_cluster_account_freeze" time="0.000" /><testcase classname="tests.unit.test_pm5_control" name="test_close_only_and_no_new_risk" time="0.002" /><testcase classname="tests.unit.test_pm5_control" name="test_emergency_cancel_latches" time="0.002" /><testcase classname="tests.unit.test_pm5_control" name="test_manual_recovery_requires_reason" time="0.001" /><testcase classname="tests.unit.test_pm5_control" name="test_no_hidden_auto_rearm_cooldown" time="0.000" /><testcase classname="tests.unit.test_pm5_control" name="test_kill_switch_from_pm4_bundle" time="0.001" /><testcase classname="tests.unit.test_pm5_ems" name="test_disabled_adapter_no_side_effects" time="0.000" /><testcase classname="tests.unit.test_pm5_ems" name="test_simulation_adapter_deterministic_ticket" time="0.000" /><testcase classname="tests.unit.test_pm5_ems" name="test_mt5_adapter_unavailable" time="0.001" /><testcase classname="tests.unit.test_pm5_ems" name="test_no_metatrader5_import" time="0.000" /><testcase classname="tests.unit.test_pm5_ems" name="test_command_cannot_exceed_pm4_qty" time="0.000" /><testcase classname="tests.unit.test_pm5_ems" name="test_retries_are_capped" time="0.000" /><testcase classname="tests.unit.test_pm5_intake" name="test_simulation_accepts_pm4_allow" time="0.001" /><testcase classname="tests.unit.test_pm5_intake" name="test_missing_pm4_authorization_rejected" time="0.000" /><testcase classname="tests.unit.test_pm5_intake" name="test_pm4_deny_rejected" time="0.001" /><testcase classname="tests.unit.test_pm5_intake" name="test_execution_permitted_false_rejected_on_broker_path" time="0.001" /><testcase classname="tests.unit.test_pm5_intake" name="test_stale_intent_rejected" time="0.001" /><testcase classname="tests.unit.test_pm5_intake" name="test_future_timestamp_rejected" time="0.001" /><testcase classname="tests.unit.test_pm5_intake" name="test_invalid_quantity_rejected" time="0.001" /><testcase classname="tests.unit.test_pm5_intake" name="test_quantity_above_pm4_rejected" time="0.001" /><testcase classname="tests.unit.test_pm5_intake" name="test_invalid_order_type_rejected" time="0.001" /><testcase classname="tests.unit.test_pm5_intake" name="test_unsupported_symbol_rejected" time="0.001" /><testcase classname="tests.unit.test_pm5_intake" name="test_duplicate_idempotency_replays" time="0.002" /><testcase classname="tests.unit.test_pm5_intake" name="test_duplicate_conflict_on_payload_mismatch" time="0.002" /><testcase classname="tests.unit.test_pm5_intake" name="test_missing_traceability_rejected" time="0.001" /><testcase classname="tests.unit.test_pm5_intake" name="test_unsupported_side_rejected" time="0.001" /><testcase classname="tests.unit.test_pm5_integration" name="test_metadata_and_manifest" time="0.000" /><testcase classname="tests.unit.test_pm5_integration" name="test_health_startup" time="0.000" /><testcase classname="tests.unit.test_pm5_integration" name="test_pm4_allow_does_not_open_broker" time="0.001" /><testcase classname="tests.unit.test_pm5_integration" name="test_pm4_quantity_not_exceeded" time="0.001" /><testcase classname="tests.unit.test_pm5_integration" name="test_flag_off_keeps_disabled_even_with_pm4" time="0.014" /><testcase classname="tests.unit.test_pm5_integration" name="test_both_flags_bind_real_modules" time="0.016" /><testcase classname="tests.unit.test_pm5_oms" name="test_valid_transitions" time="0.000" /><testcase classname="tests.unit.test_pm5_oms" name="test_invalid_transition_rejected" time="0.000" /><testcase classname="tests.unit.test_pm5_oms" name="test_terminal_state_protected" time="0.000" /><testcase classname="tests.unit.test_pm5_oms" name="test_partial_and_full_fill" time="0.000" /><testcase classname="tests.unit.test_pm5_oms" name="test_cancel_lifecycle" time="0.001" /><testcase classname="tests.unit.test_pm5_oms" name="test_modify_lifecycle" time="0.001" /><testcase classname="tests.unit.test_pm5_oms" name="test_expiry_and_recon_pending" time="0.000" /><testcase classname="tests.unit.test_pm5_oms" name="test_deterministic_event_history" time="0.000" /><testcase classname="tests.unit.test_pm5_recon" name="test_unavailable_broker_is_degraded_not_pass" time="0.000" /><testcase classname="tests.unit.test_pm5_recon" name="test_local_equals_broker_pass" time="0.000" /><testcase classname="tests.unit.test_pm5_recon" name="test_missing_and_unexpected_broker_order_mismatch" time="0.000" /><testcase classname="tests.unit.test_pm5_recon" name="test_fill_difference_mismatch" time="0.000" /><testcase classname="tests.unit.test_pm5_recon" name="test_position_difference_critical" time="0.000" /><testcase classname="tests.unit.test_pm5_recon" name="test_simulation_ingest_recon_is_degraded" time="0.001" /><testcase classname="tests.unit.test_pm5_recon" name="test_critical_mismatch_blocks_new_orders" time="0.001" /><testcase classname="tests.unit.test_pm5_safety" name="test_default_bind_is_disabled_execution" time="0.014" /><testcase classname="tests.unit.test_pm5_safety" name="test_yaml_flags_false" time="0.013" /><testcase classname="tests.unit.test_pm5_safety" name="test_simulation_flag_on_in_test_binds_module" time="0.014" /><testcase classname="tests.unit.test_pm5_safety" name="test_simulation_flag_rejected_in_demo" time="0.014" /><testcase classname="tests.unit.test_pm5_safety" name="test_broker_and_mt5_flags_refused" time="0.027" /><testcase classname="tests.unit.test_pm5_safety" name="test_live_execution_flag_refused" time="0.013" /><testcase classname="tests.unit.test_pm5_safety" name="test_live_profile_refused" time="0.013" /><testcase classname="tests.unit.test_pm5_safety" name="test_module_submit_always_raises" time="0.000" /><testcase classname="tests.unit.test_pm5_safety" name="test_no_pm2_pm3_bypass" time="0.000" /><testcase classname="tests.unit.test_pm5_safety" name="test_feature_disabled_when_simulation_off" time="0.001" /><testcase classname="tests.unit.test_pm5_safety" name="test_publication_forbids_mt5_and_live" time="0.000" /><testcase classname="tests.unit.test_pm5_surveillance" name="test_reject_burst_triggers_protection" time="0.001" /><testcase classname="tests.unit.test_pm5_surveillance" name="test_submit_burst_throttles" time="0.003" /><testcase classname="tests.unit.test_pm5_surveillance" name="test_cancel_and_modify_storms" time="0.000" /><testcase classname="tests.unit.test_pm5_surveillance" name="test_quality_insufficient_data_stays_null" time="0.000" /><testcase classname="tests.unit.test_pm5_surveillance" name="test_quality_does_not_mutate_oms" time="0.001" /><testcase classname="tests.unit.test_pm5_surveillance" name="test_replay_is_deterministic" time="0.001" /><testcase classname="tests.unit.test_pm5_surveillance" name="test_exposure_working_and_stale" time="0.002" /><testcase classname="tests.unit.test_pm6_alerts" name="test_alert_dedup_retains_evidence" time="0.002" /><testcase classname="tests.unit.test_pm6_alerts" name="test_materially_different_alerts_not_merged" time="0.002" /><testcase classname="tests.unit.test_pm6_controls" name="test_quantity_drift_detected" time="0.002" /><testcase classname="tests.unit.test_pm6_controls" name="test_execution_after_kill_detected" time="0.002" /><testcase classname="tests.unit.test_pm6_controls" name="test_unresolved_mismatch_incident" time="0.002" /><testcase classname="tests.unit.test_pm6_governance" name="test_governance_and_validation_packets" time="0.001" /><testcase classname="tests.unit.test_pm6_incidents" name="test_incident_lifecycle_and_no_silent_drop" time="0.002" /><testcase classname="tests.unit.test_pm6_incidents" name="test_illegal_transition_rejected" time="0.002" /><testcase classname="tests.unit.test_pm6_incidents" name="test_suppress_requires_reason" time="0.002" /><testcase classname="tests.unit.test_pm6_incidents" name="test_transfer_to_persistence_keeps_record" time="0.002" /><testcase classname="tests.unit.test_pm6_intake" name="test_valid_simulation_event_accepted" time="0.001" /><testcase classname="tests.unit.test_pm6_intake" name="test_simulation_not_labelled_broker_truth" time="0.001" /><testcase classname="tests.unit.test_pm6_intake" name="test_missing_source_quarantined" time="0.000" /><testcase classname="tests.unit.test_pm6_intake" name="test_future_dated_rejected" time="0.002" /><testcase classname="tests.unit.test_pm6_intake" name="test_stale_quarantined" time="0.001" /><testcase classname="tests.unit.test_pm6_intake" name="test_missing_trace_rejected" time="0.001" /><testcase classname="tests.unit.test_pm6_intake" name="test_feature_disabled_rejected" time="0.000" /><testcase classname="tests.unit.test_pm6_integration" name="test_flag_on_binds_pm6" time="0.015" /><testcase classname="tests.unit.test_pm6_integration" name="test_flag_off_null_monitoring" time="0.014" /><testcase classname="tests.unit.test_pm6_integration" name="test_health_startup" time="0.000" /><testcase classname="tests.unit.test_pm6_integration" name="test_pm5_and_pm4_consumed_without_duplicating_oms" time="0.002" /><testcase classname="tests.unit.test_pm6_lanes" name="test_two_lanes_are_independent" time="0.001" /><testcase classname="tests.unit.test_pm6_lanes" name="test_control_lane_priority_on_kill" time="0.003" /><testcase classname="tests.unit.test_pm6_safety" name="test_flags_default_false" time="0.013" /><testcase classname="tests.unit.test_pm6_safety" name="test_live_profile_blocked" time="0.013" /><testcase classname="tests.unit.test_pm6_safety" name="test_cannot_enable_mt5_via_config" time="0.013" /><testcase classname="tests.unit.test_pm6_safety" name="test_pm6_does_not_submit_orders" time="0.014" /><testcase classname="tests.unit.test_pm6_safety" name="test_publication_forbids_broker_truth" time="0.002" /><testcase classname="tests.unit.test_pm6_safety" name="test_no_telegram_import" time="0.000" /><testcase classname="tests.unit.test_pm6_safety" name="test_no_metatrader_import" time="0.000" /><testcase classname="tests.unit.test_pm6_surveillance" name="test_submit_burst_detector" time="0.005" /><testcase classname="tests.unit.test_pm6_surveillance" name="test_reject_burst_detector" time="0.004" /><testcase classname="tests.unit.test_pm6_truth" name="test_sim_ticket_is_simulation_truth" time="0.002" /><testcase classname="tests.unit.test_pm6_truth" name="test_sim_labelled_broker_truth_rejected" time="0.002" /><testcase classname="tests.unit.test_pm6_truth" name="test_no_venue_stays_degraded" time="0.001" /><testcase classname="tests.unit.test_pm6_withdrawal" name="test_kill_recommends_withdrawal" time="0.002" /><testcase classname="tests.unit.test_pm6_withdrawal" name="test_withdrawal_confirmation_required" time="0.002" /><testcase classname="tests.unit.test_pm6_withdrawal" name="test_failed_withdrawal_to_manual_review" time="0.002" /><testcase classname="tests.unit.test_pm78_remediation" name="test_file_backed_sqlite_survives_process_restart" time="0.014" /><testcase classname="tests.unit.test_pm78_remediation" name="test_decimal_round_trip_and_reject_float" time="0.011" /><testcase classname="tests.unit.test_pm78_remediation" name="test_uow_failure_injection_rolls_back" time="0.019" /><testcase classname="tests.unit.test_pm78_remediation" name="test_outbox_relay_retry_dead_letter_and_restart" time="0.011" /><testcase classname="tests.unit.test_pm78_remediation" name="test_inbox_retry_dead_letter_and_duplicate" time="0.015" /><testcase classname="tests.unit.test_pm78_remediation" name="test_named_projections_rebuild_and_duplicate" time="0.013" /><testcase classname="tests.unit.test_pm78_remediation" name="test_reconciliation_run_lifecycle_and_no_silent_pass" time="0.008" /><testcase classname="tests.unit.test_pm78_remediation" name="test_isolated_restore_apply" time="0.023" /><testcase classname="tests.unit.test_pm78_remediation" name="test_pm7_journal_and_snapshot_survive_restart" time="0.009" /><testcase classname="tests.unit.test_pm78_remediation" name="test_pm7_file_journal_survives_restart" time="0.001" /><testcase classname="tests.unit.test_pm78_remediation" name="test_api_version_and_no_broker_surface" time="0.005" /><testcase classname="tests.unit.test_pm78_remediation" name="test_request_idempotency_hash_conflict" time="0.007" /><testcase classname="tests.unit.test_pm78_remediation" name="test_remediation_docs_exist" time="0.001" /><testcase classname="tests.unit.test_pm7_evidence" name="test_build_bundle_from_source_events" time="0.001" /><testcase classname="tests.unit.test_pm7_evidence" name="test_missing_event_references_flagged" time="0.000" /><testcase classname="tests.unit.test_pm7_evidence" name="test_incident_evidence_and_operator_action" time="0.001" /><testcase classname="tests.unit.test_pm7_evidence" name="test_export_reproducibility" time="0.001" /><testcase classname="tests.unit.test_pm7_integration" name="test_flag_on_binds_pm7" time="0.022" /><testcase classname="tests.unit.test_pm7_integration" name="test_flag_off_null_ledger" time="0.023" /><testcase classname="tests.unit.test_pm7_integration" name="test_pm4_pm5_pm6_adapters" time="0.003" /><testcase classname="tests.unit.test_pm7_integration" name="test_downstream_offline_does_not_break" time="0.001" /><testcase classname="tests.unit.test_pm7_integration" name="test_health_startup" time="0.000" /><testcase classname="tests.unit.test_pm7_integration" name="test_file_and_sqlite_backends" time="0.006" /><testcase classname="tests.unit.test_pm7_integrity" name="test_canonical_hashing_and_valid_chain" time="0.001" /><testcase classname="tests.unit.test_pm7_integrity" name="test_mismatch_compromised" time="0.001" /><testcase classname="tests.unit.test_pm7_integrity" name="test_repair_is_correction_not_rewrite" time="0.001" /><testcase classname="tests.unit.test_pm7_integrity" name="test_archive_checksum_on_export" time="0.001" /><testcase classname="tests.unit.test_pm7_journal" name="test_append_valid_event" time="0.001" /><testcase classname="tests.unit.test_pm7_journal" name="test_immutable_committed_event" time="0.001" /><testcase classname="tests.unit.test_pm7_journal" name="test_ordering" time="0.001" /><testcase classname="tests.unit.test_pm7_journal" name="test_duplicate_idempotency" time="0.001" /><testcase classname="tests.unit.test_pm7_journal" name="test_duplicate_payload_conflict" time="0.001" /><testcase classname="tests.unit.test_pm7_journal" name="test_correction_instead_of_mutation" time="0.001" /><testcase classname="tests.unit.test_pm7_journal" name="test_causal_lineage" time="0.001" /><testcase classname="tests.unit.test_pm7_journal" name="test_schema_version_validation" time="0.000" /><testcase classname="tests.unit.test_pm7_journal" name="test_quarantine_malformed_source" time="0.000" /><testcase classname="tests.unit.test_pm7_journal" name="test_source_module_validation" time="0.000" /><testcase classname="tests.unit.test_pm7_query" name="test_authorized_query_with_limit" time="0.001" /><testcase classname="tests.unit.test_pm7_query" name="test_unauthorized_query_rejected" time="0.001" /><testcase classname="tests.unit.test_pm7_query" name="test_export_manifest_checksum_no_secrets" time="0.001" /><testcase classname="tests.unit.test_pm7_recon" name="test_store_pass_with_venue" time="0.000" /><testcase classname="tests.unit.test_pm7_recon" name="test_store_mismatch" time="0.000" /><testcase classname="tests.unit.test_pm7_recon" name="test_store_degraded" time="0.000" /><testcase classname="tests.unit.test_pm7_recon" name="test_store_unavailable" time="0.000" /><testcase classname="tests.unit.test_pm7_recon" name="test_store_critical" time="0.000" /><testcase classname="tests.unit.test_pm7_recon" name="test_resolution_event_keeps_history" time="0.000" /><testcase classname="tests.unit.test_pm7_recon" name="test_query_by_order_session_symbol" time="0.000" /><testcase classname="tests.unit.test_pm7_recon" name="test_ingest_pm5_never_silent_pass" time="0.002" /><testcase classname="tests.unit.test_pm7_recovery" name="test_backup_metadata_unavailable_by_default" time="0.000" /><testcase classname="tests.unit.test_pm7_recovery" name="test_stale_backup_requires_review_on_restore" time="0.001" /><testcase classname="tests.unit.test_pm7_recovery" name="test_restore_pending_when_available" time="0.001" /><testcase classname="tests.unit.test_pm7_recovery" name="test_continuity_check" time="0.001" /><testcase classname="tests.unit.test_pm7_recovery" name="test_verification_failed_requires_review" time="0.000" /><testcase classname="tests.unit.test_pm7_replay" name="test_deterministic_session_replay" time="0.001" /><testcase classname="tests.unit.test_pm7_replay" name="test_order_and_incident_replay" time="0.001" /><testcase classname="tests.unit.test_pm7_replay" name="test_snapshot_assisted_replay_and_divergence" time="0.001" /><testcase classname="tests.unit.test_pm7_replay" name="test_invalid_event_order_fails" time="0.001" /><testcase classname="tests.unit.test_pm7_replay" name="test_replay_does_not_mutate_source" time="0.001" /><testcase classname="tests.unit.test_pm7_reports" name="test_lineage_aware_report" time="0.001" /><testcase classname="tests.unit.test_pm7_reports" name="test_insufficient_data_handled" time="0.000" /><testcase classname="tests.unit.test_pm7_reports" name="test_simulation_not_shown_as_broker" time="0.001" /><testcase classname="tests.unit.test_pm7_reports" name="test_reconciliation_degraded_visible" time="0.002" /><testcase classname="tests.unit.test_pm7_reports" name="test_incident_governance_integrity_reports" time="0.001" /><testcase classname="tests.unit.test_pm7_retention" name="test_hot_warm_cold_transition" time="0.001" /><testcase classname="tests.unit.test_pm7_retention" name="test_retention_lock_and_legal_freeze" time="0.000" /><testcase classname="tests.unit.test_pm7_retention" name="test_purge_blocked_while_frozen" time="0.001" /><testcase classname="tests.unit.test_pm7_retention" name="test_purge_eligibility_without_delete" time="0.001" /><testcase classname="tests.unit.test_pm7_retention" name="test_archive_manifest" time="0.001" /><testcase classname="tests.unit.test_pm7_safety" name="test_flags_default_false" time="0.013" /><testcase classname="tests.unit.test_pm7_safety" name="test_cannot_enable_mt5_via_config" time="0.000" /><testcase classname="tests.unit.test_pm7_safety" name="test_production_durable_refused" time="0.000" /><testcase classname="tests.unit.test_pm7_safety" name="test_pm7_does_not_submit_orders" time="0.000" /><testcase classname="tests.unit.test_pm7_safety" name="test_no_telegram_import" time="0.001" /><testcase classname="tests.unit.test_pm7_safety" name="test_publication_forbids_broker_truth" time="0.000" /><testcase classname="tests.unit.test_pm7_safety" name="test_no_hidden_purge" time="0.001" /><testcase classname="tests.unit.test_pm7_snapshots" name="test_capture_and_validate_checksum" time="0.001" /><testcase classname="tests.unit.test_pm7_snapshots" name="test_superseded_snapshot" time="0.001" /><testcase classname="tests.unit.test_pm7_snapshots" name="test_corrupt_detection" time="0.000" /><testcase classname="tests.unit.test_pm7_snapshots" name="test_journal_sequence_linkage" time="0.001" /><testcase classname="tests.unit.test_pm7_truth" name="test_sim_ticket_stored_as_simulation" time="0.002" /><testcase classname="tests.unit.test_pm7_truth" name="test_sim_labelled_broker_truth_rejected" time="0.001" /><testcase classname="tests.unit.test_pm7_truth" name="test_no_venue_stays_degraded" time="0.002" /><testcase classname="tests.unit.test_pm7_truth" name="test_derived_data_retains_provenance" time="0.001" /><testcase classname="tests.unit.test_pm7_truth" name="test_provenance_contradiction_recorded" time="0.001" /><testcase classname="tests.unit.test_pm8_commands" name="test_status_and_help" time="0.001" /><testcase classname="tests.unit.test_pm8_commands" name="test_observer_cannot_halt" time="0.000" /><testcase classname="tests.unit.test_pm8_commands" name="test_admin_halt_is_not_broker_flatten" time="0.000" /><testcase classname="tests.unit.test_pm8_commands" name="test_refused_order_verbs" time="0.001" /><testcase classname="tests.unit.test_pm8_commands" name="test_idempotency" time="0.001" /><testcase classname="tests.unit.test_pm8_commands" name="test_ack_alert" time="0.000" /><testcase classname="tests.unit.test_pm8_hitl" name="test_approve_does_not_emit_order" time="0.001" /><testcase classname="tests.unit.test_pm8_hitl" name="test_hitl_expiry" time="0.000" /><testcase classname="tests.unit.test_pm8_hitl" name="test_operator_cannot_approve" time="0.000" /><testcase classname="tests.unit.test_pm8_hitl" name="test_dual_control_halt" time="0.000" /><testcase classname="tests.unit.test_pm8_integration" name="test_flag_on_binds_pm8" time="0.014" /><testcase classname="tests.unit.test_pm8_integration" name="test_flag_off_null_operator" time="0.014" /><testcase classname="tests.unit.test_pm8_integration" name="test_telegram_flag_refused" time="0.013" /><testcase classname="tests.unit.test_pm8_integration" name="test_yaml_cannot_enable_operator_in_demo" time="0.012" /><testcase classname="tests.unit.test_pm8_integration" name="test_health_and_manifest" time="0.000" /><testcase classname="tests.unit.test_pm8_integration" name="test_pm9_reexport" time="0.000" /><testcase classname="tests.unit.test_pm8_integration" name="test_audit_strips_secret_shaped_text" time="0.000" /><testcase classname="tests.unit.test_pm8_persistence_seq09" name="test_protocol_and_service_minimums" time="0.000" /><testcase classname="tests.unit.test_pm8_persistence_seq09" name="test_append_only_and_dedupe" time="0.008" /><testcase classname="tests.unit.test_pm8_persistence_seq09" name="test_outbox_transactional_with_event" time="0.007" /><testcase classname="tests.unit.test_pm8_persistence_seq09" name="test_inbox_effectively_once" time="0.007" /><testcase classname="tests.unit.test_pm8_persistence_seq09" name="test_four_idempotency_edges" time="0.014" /><testcase classname="tests.unit.test_pm8_persistence_seq09" name="test_projection_rebuild_deterministic" time="0.008" /><testcase classname="tests.unit.test_pm8_persistence_seq09" name="test_integrity_and_repair_does_not_rewrite" time="0.008" /><testcase classname="tests.unit.test_pm8_persistence_seq09" name="test_recon_without_venue_never_silent_pass" time="0.007" /><testcase classname="tests.unit.test_pm8_persistence_seq09" name="test_broker_truth_label_rejected" time="0.007" /><testcase classname="tests.unit.test_pm8_persistence_seq09" name="test_flag_off_null_storage" time="0.022" /><testcase classname="tests.unit.test_pm8_persistence_seq09" name="test_flag_on_binds_module" time="0.019" /><testcase classname="tests.unit.test_pm8_persistence_seq09" name="test_query_requires_authorization" time="0.007" /><testcase classname="tests.unit.test_pm8_studio" name="test_studio_never_auto_promotes" time="0.001" /><testcase classname="tests.unit.test_pm8_studio" name="test_studio_disabled_refuses" time="0.000" /><testcase classname="tests.unit.test_pm8_studio" name="test_config_rejects_auto_promote" time="0.000" /><testcase classname="tests.unit.test_pm8_transport" name="test_simulated_transport_no_network" time="0.000" /><testcase classname="tests.unit.test_pm8_transport" name="test_telegram_decode_encode_has_no_orders" time="0.001" /><testcase classname="tests.unit.test_pm8_transport" name="test_real_telegram_refused" time="0.000" /><testcase classname="tests.unit.test_pm8_transport" name="test_telegram_api_mode_refused_in_config" time="0.000" /><testcase classname="tests.unit.test_pm8a_seq10" name="test_upgrade_rollback_and_refuse_v1_drop" time="0.009" /><testcase classname="tests.unit.test_pm8a_seq10" name="test_backup_restore_verification_does_not_touch_runtime" time="0.014" /><testcase classname="tests.unit.test_pm8a_seq10" name="test_backup_checksum_is_dump_specific_not_golden" time="0.015" /><testcase classname="tests.unit.test_pm8a_seq10" name="test_restart_drill" time="0.013" /><testcase classname="tests.unit.test_pm8a_seq10" name="test_backup_schedule_retention" time="0.001" /><testcase classname="tests.unit.test_pm8a_seq10" name="test_corrupt_backup_refused" time="0.008" /><testcase classname="tests.unit.test_preflight" name="test_preflight_passes_for_test_profile" time="0.030" /><testcase classname="tests.unit.test_preflight" name="test_preflight_fails_python_and_raises" time="0.018" /><testcase classname="tests.unit.test_preflight" name="test_preflight_missing_secret_when_mt5_enabled" time="0.017" /><testcase classname="tests.unit.test_preflight" name="test_settings_fail_fast_mt5_without_password" time="0.014" /><testcase classname="tests.unit.test_preflight" name="test_bootstrap_snapshot_includes_preflight" time="0.018" /><testcase classname="tests.unit.test_profiles" name="test_profile_yaml_loads[demo.example.yaml-demo]" time="0.014" /><testcase classname="tests.unit.test_profiles" name="test_profile_yaml_loads[test.example.yaml-test]" time="0.015" /><testcase classname="tests.unit.test_profiles" name="test_profile_yaml_loads[backtest.example.yaml-backtest]" time="0.014" /><testcase classname="tests.unit.test_profiles" name="test_profile_yaml_loads[research.example.yaml-research]" time="0.014" /><testcase classname="tests.unit.test_profiles" name="test_live_profile_yaml_cannot_load" time="0.013" /><testcase classname="tests.unit.test_profiles" name="test_live_profile_cli_override_cannot_load" time="0.013" /><testcase classname="tests.unit.test_profiles" name="test_live_profile_cannot_reach_running" time="0.014" /><testcase classname="tests.unit.test_profiles" name="test_all_catalogued_profiles_exist" time="0.000" /><testcase classname="tests.unit.test_python_version" name="test_guard_fails_below_311" time="0.000" /><testcase classname="tests.unit.test_python_version" name="test_guard_accepts_311_and_newer" time="0.000" /><testcase classname="tests.unit.test_python_version" name="test_preflight_python_check_fails_on_310" time="0.000" /><testcase classname="tests.unit.test_python_version" name="test_preflight_python_check_passes_on_311" time="0.000" /><testcase classname="tests.unit.test_python_version" name="test_python_version_fail_fast" time="0.001" /><testcase classname="tests.unit.test_python_version" name="test_document_actual_pytest_interpreter" time="0.000" /><testcase classname="tests.unit.test_python_version" name="test_subprocess_doctor_obeys_real_interpreter" time="0.515" /><testcase classname="tests.unit.test_reconciliation_boundaries" name="test_numbering_map_consistency_00_to_14" time="0.001" /><testcase classname="tests.unit.test_reconciliation_boundaries" name="test_observability_is_not_pm6" time="0.015" /><testcase classname="tests.unit.test_reconciliation_boundaries" name="test_all_catalog_flags_default_false" time="0.045" /><testcase classname="tests.unit.test_reconciliation_boundaries" name="test_default_binds_are_null_or_disabled" time="0.014" /><testcase classname="tests.unit.test_reconciliation_boundaries" name="test_pm6_module_cannot_submit_orders_or_size_risk" time="0.036" /><testcase classname="tests.unit.test_reconciliation_boundaries" name="test_observability_cannot_submit_orders" time="0.023" /><testcase classname="tests.unit.test_reconciliation_boundaries" name="test_sequence_14_cannot_set_trading_readiness_true" time="0.014" /><testcase classname="tests.unit.test_reconciliation_boundaries" name="test_pm7_pm8_not_broker_adapters" time="0.045" /><testcase classname="tests.unit.test_reconciliation_boundaries" name="test_pm8_checkpoint_monotonic" time="0.009" /><testcase classname="tests.unit.test_reconciliation_boundaries" name="test_pm8_named_projections_are_not_claimed_complete" time="0.001" /><testcase classname="tests.unit.test_reconciliation_boundaries" name="test_pm7_status_is_partial_evidence_journal" time="0.001" /><testcase classname="tests.unit.test_reconciliation_boundaries" name="test_pm7_append_only_correction_lineage" time="0.001" /><testcase classname="tests.unit.test_reconciliation_boundaries" name="test_pm7_replay_and_integrity_status" time="0.001" /><testcase classname="tests.unit.test_reconciliation_boundaries" name="test_pm8_versioned_api" time="0.005" /><testcase classname="tests.unit.test_reconciliation_boundaries" name="test_pm8_idempotency_and_dedupe_edges" time="0.008" /><testcase classname="tests.unit.test_reconciliation_boundaries" name="test_pm8_outbox_atomicity" time="0.008" /><testcase classname="tests.unit.test_reconciliation_boundaries" name="test_live_cli_fail_closed" time="0.035" /><testcase classname="tests.unit.test_reconciliation_boundaries" name="test_telegram_transport_refused" time="0.000" /><testcase classname="tests.unit.test_reconciliation_boundaries" name="test_operator_cannot_bypass_pm4" time="0.001" /><testcase classname="tests.unit.test_reconciliation_boundaries" name="test_disabled_execution_still_raises" time="0.000" /><testcase classname="tests.unit.test_reconciliation_boundaries" name="test_recovery_before_trading_still_halts" time="0.014" /><testcase classname="tests.unit.test_reconciliation_boundaries" name="test_recon_no_silent_pass" time="0.007" /><testcase classname="tests.unit.test_reconciliation_boundaries" name="test_no_sequence_15_artifacts" time="0.000" /><testcase classname="tests.unit.test_reconciliation_boundaries" name="test_traceability_and_inventory_exist" time="0.000" /><testcase classname="tests.unit.test_reconciliation_boundaries" name="test_ci_hygiene_still_bans_piped_gates" time="0.000" /><testcase classname="tests.unit.test_registry" name="test_duplicate_registration_rejected" time="0.000" /><testcase classname="tests.unit.test_registry" name="test_missing_dependency_rejected" time="0.000" /><testcase classname="tests.unit.test_registry" name="test_capability_lookup" time="0.000" /><testcase classname="tests.unit.test_registry" name="test_denylist" time="0.000" /><testcase classname="tests.unit.test_registry" name="test_allowlist" time="0.000" /><testcase classname="tests.unit.test_seq11_mt5_exit" name="test_live_account_probe_refused" time="0.000" /><testcase classname="tests.unit.test_seq11_mt5_exit" name="test_sequence07_placeholder_still_blocked" time="0.000" /><testcase classname="tests.unit.test_seq11_mt5_exit" name="test_duplicate_and_retry_and_disconnect" time="0.000" /><testcase classname="tests.unit.test_seq11_mt5_exit" name="test_non_allow_cannot_reach_gateway" time="0.000" /><testcase classname="tests.unit.test_seq11_mt5_exit" name="test_exit_engine_sl_tp_be_time" time="0.000" /><testcase classname="tests.unit.test_seq11_mt5_exit" name="test_live_cli_still_fail_closed" time="0.016" /><testcase classname="tests.unit.test_seq11_mt5_exit" name="test_seq11_package_is_not_bare_pm6" time="0.001" /><testcase classname="tests.unit.test_seq12_orchestrator" name="test_recovery_before_trading_and_stale_stop" time="0.021" /><testcase classname="tests.unit.test_seq12_orchestrator" name="test_compromised_ledger_halts" time="0.019" /><testcase classname="tests.unit.test_seq14_ci_hygiene" name="test_workflows_forbid_false_green_pipes" time="0.001" /><testcase classname="tests.unit.test_seq14_ci_hygiene" name="test_set_plus_e_restores_errexit" time="0.000" /><testcase classname="tests.unit.test_seq14_ci_hygiene" name="test_numbering_map_on_disk_00_14" time="0.000" /><testcase classname="tests.unit.test_seq14_ci_hygiene" name="test_evidence_has_no_secret_values" time="0.002" /><testcase classname="tests.unit.test_seq14_ci_hygiene" name="test_live_command_fail_closed_in_hygiene" time="0.029" /><testcase classname="tests.unit.test_seq14_docs" name="test_numbering_map_covers_seq_00_to_14" time="0.000" /><testcase classname="tests.unit.test_seq14_docs" name="test_readme_does_not_claim_ready" time="0.001" /><testcase classname="tests.unit.test_seq14_docs" name="test_distinctions_preserved" time="0.000" /><testcase classname="tests.unit.test_seq14_docs" name="test_required_docs_exist" time="0.001" /><testcase classname="tests.unit.test_seq14_docs" name="test_runbook_markdown_matches_catalog" time="0.007" /><testcase classname="tests.unit.test_seq14_docs" name="test_traceability_has_no_bare_complete" time="0.001" /><testcase classname="tests.unit.test_seq14_observability" name="test_canonical_sequence_14" time="0.000" /><testcase classname="tests.unit.test_seq14_observability" name="test_structured_log_schema_and_utc" time="0.001" /><testcase classname="tests.unit.test_seq14_observability" name="test_naive_timestamp_rejected" time="0.000" /><testcase classname="tests.unit.test_seq14_observability" name="test_unknown_symbol_rejected" time="0.000" /><testcase classname="tests.unit.test_seq14_observability" name="test_correlation_causation_propagation" time="0.000" /><testcase classname="tests.unit.test_seq14_observability" name="test_secret_redaction_in_log_metadata" time="0.000" /><testcase classname="tests.unit.test_seq14_observability" name="test_redact_mapping_nested" time="0.000" /><testcase classname="tests.unit.test_seq14_observability" name="test_metric_catalog_covers_required_names" time="0.000" /><testcase classname="tests.unit.test_seq14_observability" name="test_metric_name_stability" time="0.000" /><testcase classname="tests.unit.test_seq14_observability" name="test_metric_cardinality_limits" time="0.000" /><testcase classname="tests.unit.test_seq14_observability" name="test_liveness_readiness_separation" time="0.015" /><testcase classname="tests.unit.test_seq14_observability" name="test_venue_absent_is_not_pass" time="0.015" /><testcase classname="tests.unit.test_seq14_observability" name="test_recovery_incomplete_not_trade_ready" time="0.014" /><testcase classname="tests.unit.test_seq14_observability" name="test_stale_data_safe_stop" time="0.014" /><testcase classname="tests.unit.test_seq14_observability" name="test_integrity_fail_persistence_not_ready" time="0.014" /><testcase classname="tests.unit.test_seq14_observability" name="test_all_flags_off_trading_false" time="0.013" /><testcase classname="tests.unit.test_seq14_observability" name="test_transition_table_covers_critical_rows" time="0.000" /><testcase classname="tests.unit.test_seq14_observability" name="test_error_taxonomy_complete_and_public_safe" time="0.000" /><testcase classname="tests.unit.test_seq14_observability" name="test_runbooks_have_twelve_fields_and_count" time="0.001" /><testcase classname="tests.unit.test_seq14_observability" name="test_observability_module_bound_and_snapshot" time="0.021" /><testcase classname="tests.unit.test_seq14_observability" name="test_observe_cli_json" time="0.021" /><testcase classname="tests.unit.test_seq14_observability" name="test_live_still_fail_closed" time="0.029" /><testcase classname="tests.unit.test_seq14_observability" name="test_telegram_transport_still_refused" time="0.000" /><testcase classname="tests.unit.test_seq14_observability" name="test_no_pm6_execution_package" time="0.000" /><testcase classname="tests.unit.test_sequence_correction" name="test_canonical_map_has_09_to_13" time="0.000" /><testcase classname="tests.unit.test_sequence_correction" name="test_freeze_blocks_when_set" time="0.014" /><testcase classname="tests.unit.test_sequence_correction" name="test_sequence13_reuses_operator_and_binds_persistence" time="0.020" /><testcase classname="tests.unit.test_sequence_correction" name="test_existing_operator_module_still_constructs" time="0.000" /><testcase classname="tests.unit.test_settings" name="test_loads_example_yaml" time="0.013" /><testcase classname="tests.unit.test_settings" name="test_fingerprint_is_stable_and_hex" time="0.029" /><testcase classname="tests.unit.test_settings" name="test_fingerprint_changes_when_input_changes" time="0.029" /><testcase classname="tests.unit.test_settings" name="test_fingerprint_redacts_secrets" time="0.013" /><testcase classname="tests.unit.test_settings" name="test_live_flag_fail_fast" time="0.013" /><testcase classname="tests.unit.test_settings" name="test_live_cli_mode_fail_fast" time="0.013" /><testcase classname="tests.unit.test_settings" name="test_live_trading_mode_fail_fast" time="0.013" /><testcase classname="tests.unit.test_settings" name="test_unprefixed_env_is_ignored" time="0.015" /><testcase classname="tests.unit.test_settings" name="test_prefixed_env_overrides_symbol" time="0.013" /><testcase classname="tests.unit.test_settings" name="test_enabled_adapter_requires_secret" time="0.014" /><testcase classname="tests.unit.test_settings" name="test_database_url_unprefixed_never_binds" time="0.016" /></testsuite></testsuites>